<?xml version="1.0" encoding="UTF-8"?>
<!-- Generated by org.testng.reporters.JUnitReportReporter -->
<testsuite skipped="0" hostname="DESKTOP-9VFEBTK" name="tests.ProductPageTests" tests="3" failures="0" timestamp="22 Jul 2020 00:57:37 GMT" time="20.147" errors="0">
  <testcase name="validateProductPage" time="6.221" classname="tests.ProductPageTests"/>
  <testcase name="clickOnProduct" time="6.980" classname="tests.ProductPageTests"/>
  <testcase name="sortByPriceLowToHigh" time="6.946" classname="tests.ProductPageTests"/>
</testsuite> <!-- tests.ProductPageTests -->
